<?xml version="1.0" encoding="UTF-8"?>
<!-- Generated by org.testng.reporters.JUnitReportReporter -->
<testsuite hostname="HenTryRAj-PC" name="com.tripsdvisor.script.SubmitReviewTest" tests="1" failures="0" timestamp="1 Feb 2020 19:44:36 GMT" time="121.193" errors="0">
  <testcase name="submitReviewTripAdvisorTest" time="121.193" classname="com.tripsdvisor.script.SubmitReviewTest"/>
</testsuite> <!-- com.tripsdvisor.script.SubmitReviewTest -->
