<?xml version="1.0" encoding="UTF-8"?>
<!-- Generated by org.testng.reporters.JUnitReportReporter -->
<testsuite hostname="HenTryRAj-PC" name="com.tripsdvisor.script.SubmitReviewTest" tests="1" failures="0" timestamp="5 Feb 2020 17:41:36 GMT" time="161.835" errors="0">
  <testcase name="submitReviewTripAdvisorTest" time="161.835" classname="com.tripsdvisor.script.SubmitReviewTest"/>
</testsuite> <!-- com.tripsdvisor.script.SubmitReviewTest -->
